<?xml version="1.0" encoding="UTF-8" ?>
<testsuites>
<testsuite name="htmlparser_parser" errors="0" tests="10" failures="0" time="0.006" timestamp="2012-11-13T16:08:49">
  <testcase classname="htmlparser_parser" name="works for valid html" time="0"></testcase>
  <testcase classname="htmlparser_parser" name="works for none-valid html" time="0.001"></testcase>
  <testcase classname="htmlparser_parser" name="works for valid script" time="0.001"></testcase>
  <testcase classname="htmlparser_parser" name="works for none-valid script" time="0"></testcase>
  <testcase classname="htmlparser_parser" name="works for non-valid nest tag soup" time="0"></testcase>
  <testcase classname="htmlparser_parser" name="adjust non-valid nest tag soup by dtd" time="0.001"></testcase>
  <testcase classname="htmlparser_parser" name="adjust non-valid nest tag soup by dtd and auto paragraph" time="0"></testcase>
  <testcase classname="htmlparser_parser" name="filterChildren should works" time="0.001"></testcase>
  <testcase classname="htmlparser_parser" name="can replace text" time="0"></testcase>
  <testcase classname="htmlparser_parser" name="should parse nested li" time="0.002"></testcase>
</testsuite>
<testsuite name="htmlparser_parser.writer" errors="0" tests="1" failures="0" time="0" timestamp="2012-11-13T16:08:49">
  <testcase classname="htmlparser_parser.writer" name="works for empty attribute" time="0"></testcase>
</testsuite>
</testsuites>