<?xml version="1.0" encoding="UTF-8" ?>
<testsuites>
<testsuite name="base" errors="0" tests="5" failures="0" time="0.009" timestamp="2012-11-15T23:15:47">
  <testcase classname="base" name="拥有 S.EventTarget 上的方法" time="0.007"></testcase>
  <testcase classname="base" name="拥有 S.Attribute 上的方法" time="0"></testcase>
  <testcase classname="base" name="能解析 ATTRS 和 config" time="0"></testcase>
  <testcase classname="base" name="能正确触发 S.Attribute 的事件" time="0.001"></testcase>
  <testcase classname="base" name="transfer default value to value" time="0"></testcase>
</testsuite>
</testsuites>