<?xml version="1.0" encoding="UTF-8" ?>
<testsuites>
<testsuite name="json" errors="0" tests="0" failures="0" time="0" timestamp="2012-12-12T23:20:07">
</testsuite>
<testsuite name="json.stringify" errors="0" tests="1" failures="0" time="0.001" timestamp="2012-12-12T23:20:07">
  <testcase classname="json.stringify" name="should convert an arbitrary value to a JSON string representation" time="0"></testcase>
</testsuite>
<testsuite name="json.parse" errors="0" tests="1" failures="0" time="0.001" timestamp="2012-12-12T23:20:07">
  <testcase classname="json.parse" name="should parse a JSON string to the native JavaScript representation" time="0"></testcase>
</testsuite>
</testsuites>